
> destination-college@0.1.0 start
> cross-env NEXT_DISABLE_TURBOPACK=1 NEXT_CLI_FORCE_LEGACY_BUILDER=1 next start

   ▲ Next.js 16.0.7
   - Local:         http://localhost:3001
   - Network:       http://172.29.208.1:3001

 ✓ Starting...
 ✓ Ready in 672ms
STRIPE_SECRET_KEY is not set. Stripe Checkout will not work until it is configured.
(node:24628) [DEP0005] DeprecationWarning: Buffer() is deprecated due to security and usability issues. Please use the Buffer.alloc(), Buffer.allocUnsafe(), or Buffer.from() methods instead.
(Use `node --trace-deprecation ...` to show where the warning was created)
Error: Cannot find module 'c:\ROOT\node_modules\tesseract.js\src\worker-script\node\index.js'
    at ignore-listed frames {
  code: 'MODULE_NOT_FOUND',
  requireStack: []
}
 ⨯ uncaughtException:  Error: Cannot find module 'c:\ROOT\node_modules\tesseract.js\src\worker-script\node\index.js'
    at ignore-listed frames {
  code: 'MODULE_NOT_FOUND',
  requireStack: []
}
^C^C